<?xml version="1.0" encoding="UTF-8"?>
<!-- Generated by org.testng.reporters.JUnitXMLReporter -->
<testsuite ignored="4" hostname="DESKTOP-SO5U9F0" failures="0" tests="1" name="Default test" time="6.558" errors="0" timestamp="2025-09-30T19:06:15 IST">
  <testcase classname="com.crm.qa.testCases.InteractionPageTest" name="verifyDraggableTab" time="2.287"/>
  <testcase classname="com.crm.qa.testCases.InteractionPageTest" name="verifySelectableTab" time="0.0">
    <ignored/>
  </testcase> <!-- verifySelectableTab -->
  <testcase classname="com.crm.qa.testCases.InteractionPageTest" name="verifyInteractionText" time="0.0">
    <ignored/>
  </testcase> <!-- verifyInteractionText -->
  <testcase classname="com.crm.qa.testCases.InteractionPageTest" name="verifyDropableTab" time="0.0">
    <ignored/>
  </testcase> <!-- verifyDropableTab -->
  <testcase classname="com.crm.qa.testCases.InteractionPageTest" name="verifyResizableTab" time="0.0">
    <ignored/>
  </testcase> <!-- verifyResizableTab -->
</testsuite> <!-- Default test -->
