<?xml version="1.0" encoding="UTF-8"?>
<!-- Generated by org.testng.reporters.JUnitXMLReporter -->
<testsuite ignored="2" hostname="DESKTOP-SO5U9F0" failures="0" tests="1" name="Default test" time="9.944" errors="0" timestamp="2025-09-11T13:28:41 IST">
  <testcase classname="com.crm.qa.testCases.WidgetsPageTest" name="verifySliderTab" time="3.455"/>
  <testcase classname="com.crm.qa.testCases.WidgetsPageTest" name="verifyAutoCompleteTab" time="0.0">
    <ignored/>
  </testcase> <!-- verifyAutoCompleteTab -->
  <testcase classname="com.crm.qa.testCases.WidgetsPageTest" name="verifyWidgetsAccordianTab" time="0.0">
    <ignored/>
  </testcase> <!-- verifyWidgetsAccordianTab -->
</testsuite> <!-- Default test -->
