<?xml version="1.0" encoding="UTF-8"?>
<testng-results ignored="1" total="2" passed="1" failed="0" skipped="0">
  <reporter-output>
  </reporter-output>
  <suite started-at="2025-10-06T13:07:11 IST" name="Default suite" finished-at="2025-10-06T13:07:27 IST" duration-ms="15229">
    <groups>
    </groups>
    <test started-at="2025-10-06T13:07:11 IST" name="Default test" finished-at="2025-10-06T13:07:27 IST" duration-ms="15229">
      <class name="com.crm.qa.testCases.BookStoreApplicationPageTest">
        <test-method is-config="true" signature="setup()[pri:0, instance:com.crm.qa.testCases.BookStoreApplicationPageTest@27406a17]" started-at="2025-10-06T13:07:11 IST" name="setup" finished-at="2025-10-06T13:07:20 IST" duration-ms="8147" status="PASS">
          <reporter-output>
          </reporter-output>
        </test-method> <!-- setup -->
        <test-method signature="verifyLoginuserData()[pri:2, instance:com.crm.qa.testCases.BookStoreApplicationPageTest@27406a17]" started-at="2025-10-06T13:07:20 IST" name="verifyLoginuserData" finished-at="2025-10-06T13:07:27 IST" duration-ms="7054" status="PASS">
          <reporter-output>
          </reporter-output>
        </test-method> <!-- verifyLoginuserData -->
        <test-method is-config="true" signature="tearDown()[pri:0, instance:com.crm.qa.testCases.BookStoreApplicationPageTest@27406a17]" started-at="2025-10-06T13:07:27 IST" name="tearDown" finished-at="2025-10-06T13:07:27 IST" duration-ms="0" status="PASS">
          <reporter-output>
          </reporter-output>
        </test-method> <!-- tearDown -->
      </class> <!-- com.crm.qa.testCases.BookStoreApplicationPageTest -->
    </test> <!-- Default test -->
  </suite> <!-- Default suite -->
</testng-results>
