<?xml version="1.0" encoding="UTF-8"?>
<testng-results ignored="0" total="5" passed="5" failed="0" skipped="0">
  <reporter-output>
  </reporter-output>
  <suite started-at="2025-09-15T15:10:03 IST" name="Default suite" finished-at="2025-09-15T15:11:19 IST" duration-ms="75857">
    <groups>
    </groups>
    <test started-at="2025-09-15T15:10:03 IST" name="Default test" finished-at="2025-09-15T15:11:19 IST" duration-ms="75857">
      <class name="com.crm.qa.testCases.WidgetsPageTest">
        <test-method is-config="true" signature="setup()[pri:0, instance:com.crm.qa.testCases.WidgetsPageTest@76b1e9b8]" started-at="2025-09-15T15:10:03 IST" name="setup" finished-at="2025-09-15T15:10:10 IST" duration-ms="7085" status="PASS">
          <reporter-output>
          </reporter-output>
        </test-method> <!-- setup -->
        <test-method signature="verifyWidgetsAccordianTab()[pri:1, instance:com.crm.qa.testCases.WidgetsPageTest@76b1e9b8]" started-at="2025-09-15T15:10:10 IST" name="verifyWidgetsAccordianTab" finished-at="2025-09-15T15:10:14 IST" duration-ms="4265" status="PASS">
          <reporter-output>
          </reporter-output>
        </test-method> <!-- verifyWidgetsAccordianTab -->
        <test-method is-config="true" signature="tearDown()[pri:0, instance:com.crm.qa.testCases.WidgetsPageTest@76b1e9b8]" started-at="2025-09-15T15:10:14 IST" name="tearDown" finished-at="2025-09-15T15:10:14 IST" duration-ms="116" status="PASS">
          <reporter-output>
          </reporter-output>
        </test-method> <!-- tearDown -->
        <test-method is-config="true" signature="setup()[pri:0, instance:com.crm.qa.testCases.WidgetsPageTest@76b1e9b8]" started-at="2025-09-15T15:10:14 IST" name="setup" finished-at="2025-09-15T15:10:20 IST" duration-ms="6148" status="PASS">
          <reporter-output>
          </reporter-output>
        </test-method> <!-- setup -->
        <test-method signature="verifyAutoCompleteTab()[pri:2, instance:com.crm.qa.testCases.WidgetsPageTest@76b1e9b8]" started-at="2025-09-15T15:10:20 IST" name="verifyAutoCompleteTab" finished-at="2025-09-15T15:10:26 IST" duration-ms="5539" status="PASS">
          <reporter-output>
          </reporter-output>
        </test-method> <!-- verifyAutoCompleteTab -->
        <test-method is-config="true" signature="tearDown()[pri:0, instance:com.crm.qa.testCases.WidgetsPageTest@76b1e9b8]" started-at="2025-09-15T15:10:26 IST" name="tearDown" finished-at="2025-09-15T15:10:26 IST" duration-ms="133" status="PASS">
          <reporter-output>
          </reporter-output>
        </test-method> <!-- tearDown -->
        <test-method is-config="true" signature="setup()[pri:0, instance:com.crm.qa.testCases.WidgetsPageTest@76b1e9b8]" started-at="2025-09-15T15:10:26 IST" name="setup" finished-at="2025-09-15T15:10:32 IST" duration-ms="5839" status="PASS">
          <reporter-output>
          </reporter-output>
        </test-method> <!-- setup -->
        <test-method signature="verifySliderTab()[pri:3, instance:com.crm.qa.testCases.WidgetsPageTest@76b1e9b8]" started-at="2025-09-15T15:10:32 IST" name="verifySliderTab" finished-at="2025-09-15T15:10:35 IST" duration-ms="3464" status="PASS">
          <reporter-output>
          </reporter-output>
        </test-method> <!-- verifySliderTab -->
        <test-method is-config="true" signature="tearDown()[pri:0, instance:com.crm.qa.testCases.WidgetsPageTest@76b1e9b8]" started-at="2025-09-15T15:10:35 IST" name="tearDown" finished-at="2025-09-15T15:10:36 IST" duration-ms="142" status="PASS">
          <reporter-output>
          </reporter-output>
        </test-method> <!-- tearDown -->
        <test-method is-config="true" signature="setup()[pri:0, instance:com.crm.qa.testCases.WidgetsPageTest@76b1e9b8]" started-at="2025-09-15T15:10:36 IST" name="setup" finished-at="2025-09-15T15:10:42 IST" duration-ms="6461" status="PASS">
          <reporter-output>
          </reporter-output>
        </test-method> <!-- setup -->
        <test-method signature="verifyProgressBar()[pri:4, instance:com.crm.qa.testCases.WidgetsPageTest@76b1e9b8]" started-at="2025-09-15T15:10:42 IST" name="verifyProgressBar" finished-at="2025-09-15T15:11:00 IST" duration-ms="18283" status="PASS">
          <reporter-output>
          </reporter-output>
        </test-method> <!-- verifyProgressBar -->
        <test-method is-config="true" signature="tearDown()[pri:0, instance:com.crm.qa.testCases.WidgetsPageTest@76b1e9b8]" started-at="2025-09-15T15:11:00 IST" name="tearDown" finished-at="2025-09-15T15:11:00 IST" duration-ms="119" status="PASS">
          <reporter-output>
          </reporter-output>
        </test-method> <!-- tearDown -->
        <test-method is-config="true" signature="setup()[pri:0, instance:com.crm.qa.testCases.WidgetsPageTest@76b1e9b8]" started-at="2025-09-15T15:11:00 IST" name="setup" finished-at="2025-09-15T15:11:06 IST" duration-ms="5652" status="PASS">
          <reporter-output>
          </reporter-output>
        </test-method> <!-- setup -->
        <test-method signature="verifyTabs()[pri:5, instance:com.crm.qa.testCases.WidgetsPageTest@76b1e9b8]" started-at="2025-09-15T15:11:06 IST" name="verifyTabs" finished-at="2025-09-15T15:11:18 IST" duration-ms="12406" status="PASS">
          <reporter-output>
          </reporter-output>
        </test-method> <!-- verifyTabs -->
        <test-method is-config="true" signature="tearDown()[pri:0, instance:com.crm.qa.testCases.WidgetsPageTest@76b1e9b8]" started-at="2025-09-15T15:11:18 IST" name="tearDown" finished-at="2025-09-15T15:11:19 IST" duration-ms="151" status="PASS">
          <reporter-output>
          </reporter-output>
        </test-method> <!-- tearDown -->
      </class> <!-- com.crm.qa.testCases.WidgetsPageTest -->
    </test> <!-- Default test -->
  </suite> <!-- Default suite -->
</testng-results>
